state 0 //

    0 $accept: . object

    '{'  shift, and goto state 2

    object  goto state 1

state 1 // '{' '}' [$end]

    0 $accept: object .  [$end]

    $end  accept

state 2 // '{'

    1 object: '{' . members '}'
    2 members: .  [',', '}']

    ','     reduce using rule 2 (members)
    '}'     reduce using rule 2 (members)
    String  shift, and goto state 5

    members  goto state 3
    pair     goto state 4

state 3 // '{' [',']

    1 object: '{' members . '}'
    4 members: members . ',' pair

    ','  shift, and goto state 27
    '}'  shift, and goto state 26

state 4 // '{' String ':' ISODate [',']

    3 members: pair .  [',', '}']

    ','  reduce using rule 3 (members)
    '}'  reduce using rule 3 (members)

state 5 // '{' String

    5 pair: String . ':' value

    ':'  shift, and goto state 6

state 6 // '{' String ':'

    5 pair: String ':' . value

    '['            shift, and goto state 8
    '{'            shift, and goto state 2
    ISODate        shift, and goto state 15
    Literal        shift, and goto state 11
    MaxKey         shift, and goto state 20
    MinKey         shift, and goto state 19
    Number         shift, and goto state 10
    NumberDecimal  shift, and goto state 17
    NumberLong     shift, and goto state 16
    ObjectID       shift, and goto state 14
    String         shift, and goto state 9
    Undefined      shift, and goto state 18

    array   goto state 13
    object  goto state 12
    value   goto state 7

state 7 // '{' String ':' ISODate [',']

    5 pair: String ':' value .  [',', '}']

    ','  reduce using rule 5 (pair)
    '}'  reduce using rule 5 (pair)

state 8 // '{' String ':' '['

    6 array: '[' . elements ']'
    7 elements: .  [',', ']']

    ','            reduce using rule 7 (elements)
    '['            shift, and goto state 8
    ']'            reduce using rule 7 (elements)
    '{'            shift, and goto state 2
    ISODate        shift, and goto state 15
    Literal        shift, and goto state 11
    MaxKey         shift, and goto state 20
    MinKey         shift, and goto state 19
    Number         shift, and goto state 10
    NumberDecimal  shift, and goto state 17
    NumberLong     shift, and goto state 16
    ObjectID       shift, and goto state 14
    String         shift, and goto state 9
    Undefined      shift, and goto state 18

    array     goto state 13
    elements  goto state 21
    object    goto state 12
    value     goto state 22

state 9 // '{' String ':' String

   10 value: String .  [',', ']', '}']

    ','  reduce using rule 10 (value)
    ']'  reduce using rule 10 (value)
    '}'  reduce using rule 10 (value)

state 10 // '{' String ':' Number

   11 value: Number .  [',', ']', '}']

    ','  reduce using rule 11 (value)
    ']'  reduce using rule 11 (value)
    '}'  reduce using rule 11 (value)

state 11 // '{' String ':' Literal

   12 value: Literal .  [',', ']', '}']

    ','  reduce using rule 12 (value)
    ']'  reduce using rule 12 (value)
    '}'  reduce using rule 12 (value)

state 12 // '{' String ':' '{' '}' [',']

   13 value: object .  [',', ']', '}']

    ','  reduce using rule 13 (value)
    ']'  reduce using rule 13 (value)
    '}'  reduce using rule 13 (value)

state 13 // '{' String ':' '[' ']' [',']

   14 value: array .  [',', ']', '}']

    ','  reduce using rule 14 (value)
    ']'  reduce using rule 14 (value)
    '}'  reduce using rule 14 (value)

state 14 // '{' String ':' ObjectID

   15 value: ObjectID .  [',', ']', '}']

    ','  reduce using rule 15 (value)
    ']'  reduce using rule 15 (value)
    '}'  reduce using rule 15 (value)

state 15 // '{' String ':' ISODate

   16 value: ISODate .  [',', ']', '}']

    ','  reduce using rule 16 (value)
    ']'  reduce using rule 16 (value)
    '}'  reduce using rule 16 (value)

state 16 // '{' String ':' NumberLong

   17 value: NumberLong .  [',', ']', '}']

    ','  reduce using rule 17 (value)
    ']'  reduce using rule 17 (value)
    '}'  reduce using rule 17 (value)

state 17 // '{' String ':' NumberDecimal

   18 value: NumberDecimal .  [',', ']', '}']

    ','  reduce using rule 18 (value)
    ']'  reduce using rule 18 (value)
    '}'  reduce using rule 18 (value)

state 18 // '{' String ':' Undefined

   19 value: Undefined .  [',', ']', '}']

    ','  reduce using rule 19 (value)
    ']'  reduce using rule 19 (value)
    '}'  reduce using rule 19 (value)

state 19 // '{' String ':' MinKey

   20 value: MinKey .  [',', ']', '}']

    ','  reduce using rule 20 (value)
    ']'  reduce using rule 20 (value)
    '}'  reduce using rule 20 (value)

state 20 // '{' String ':' MaxKey

   21 value: MaxKey .  [',', ']', '}']

    ','  reduce using rule 21 (value)
    ']'  reduce using rule 21 (value)
    '}'  reduce using rule 21 (value)

state 21 // '{' String ':' '[' [',']

    6 array: '[' elements . ']'
    9 elements: elements . ',' value

    ','  shift, and goto state 24
    ']'  shift, and goto state 23

state 22 // '{' String ':' '[' ISODate [',']

    8 elements: value .  [',', ']']

    ','  reduce using rule 8 (elements)
    ']'  reduce using rule 8 (elements)

state 23 // '{' String ':' '[' ']'

    6 array: '[' elements ']' .  [',', ']', '}']

    ','  reduce using rule 6 (array)
    ']'  reduce using rule 6 (array)
    '}'  reduce using rule 6 (array)

state 24 // '{' String ':' '[' ','

    9 elements: elements ',' . value

    '['            shift, and goto state 8
    '{'            shift, and goto state 2
    ISODate        shift, and goto state 15
    Literal        shift, and goto state 11
    MaxKey         shift, and goto state 20
    MinKey         shift, and goto state 19
    Number         shift, and goto state 10
    NumberDecimal  shift, and goto state 17
    NumberLong     shift, and goto state 16
    ObjectID       shift, and goto state 14
    String         shift, and goto state 9
    Undefined      shift, and goto state 18

    array   goto state 13
    object  goto state 12
    value   goto state 25

state 25 // '{' String ':' '[' ',' ISODate [',']

    9 elements: elements ',' value .  [',', ']']

    ','  reduce using rule 9 (elements)
    ']'  reduce using rule 9 (elements)

state 26 // '{' '}'

    1 object: '{' members '}' .  [$end, ',', ']', '}']

    $end  reduce using rule 1 (object)
    ','   reduce using rule 1 (object)
    ']'   reduce using rule 1 (object)
    '}'   reduce using rule 1 (object)

state 27 // '{' ','

    4 members: members ',' . pair

    String  shift, and goto state 5

    pair  goto state 28

state 28 // '{' ',' String ':' ISODate [',']

    4 members: members ',' pair .  [',', '}']

    ','  reduce using rule 4 (members)
    '}'  reduce using rule 4 (members)

